# JRE version: OpenJDK Runtime Environment Corretto-11.0.22.7.1 (11.0.22+7) (build 11.0.22+7-LTS)
# Java VM: OpenJDK 64-Bit Server VM Corretto-11.0.22.7.1 (11.0.22+7-LTS, mixed mode, tiered, compressed oops, g1 gc, windows-amd64)
Heap:
 garbage-first heap   total 260096K, used 130793K [0x0000000702000000, 0x0000000800000000)
  region size 1024K, 114 young (116736K), 15 survivors (15360K)
 Metaspace       used 81384K, capacity 83669K, committed 83832K, reserved 1122304K
  class space    used 10176K, capacity 11053K, committed 11128K, reserved 1048576K
GC Heap History (14 events):
Event: 4.771 GC heap before
{Heap before GC invocations=0 (full 0):
 garbage-first heap   total 260096K, used 24576K [0x0000000702000000, 0x0000000800000000)
  region size 1024K, 24 young (24576K), 0 survivors (0K)
 Metaspace       used 11571K, capacity 11727K, committed 11904K, reserved 1060864K
  class space    used 1048K, capacity 1097K, committed 1152K, reserved 1048576K
}
Event: 4.776 GC heap after
{Heap after GC invocations=1 (full 0):
 garbage-first heap   total 260096K, used 8105K [0x0000000702000000, 0x0000000800000000)
  region size 1024K, 3 young (3072K), 3 survivors (3072K)
 Metaspace       used 11571K, capacity 11727K, committed 11904K, reserved 1060864K
  class space    used 1048K, capacity 1097K, committed 1152K, reserved 1048576K
}
Event: 5.423 GC heap before
{Heap before GC invocations=1 (full 0):
 garbage-first heap   total 260096K, used 57257K [0x0000000702000000, 0x0000000800000000)
  region size 1024K, 52 young (53248K), 3 survivors (3072K)
 Metaspace       used 20661K, capacity 21154K, committed 21504K, reserved 1069056K
  class space    used 2264K, capacity 2441K, committed 2560K, reserved 1048576K
}
Event: 5.428 GC heap after
{Heap after GC invocations=2 (full 0):
 garbage-first heap   total 260096K, used 10192K [0x0000000702000000, 0x0000000800000000)
  region size 1024K, 6 young (6144K), 6 survivors (6144K)
 Metaspace       used 20661K, capacity 21154K, committed 21504K, reserved 1069056K
  class space    used 2264K, capacity 2441K, committed 2560K, reserved 1048576K
}
Event: 5.663 GC heap before
{Heap before GC invocations=3 (full 0):
 garbage-first heap   total 260096K, used 38864K [0x0000000702000000, 0x0000000800000000)
  region size 1024K, 35 young (35840K), 6 survivors (6144K)
 Metaspace       used 23897K, capacity 24399K, committed 24576K, reserved 1071104K
  class space    used 2757K, capacity 2971K, committed 3072K, reserved 1048576K
}
Event: 5.667 GC heap after
{Heap after GC invocations=4 (full 0):
 garbage-first heap   total 260096K, used 11412K [0x0000000702000000, 0x0000000800000000)
  region size 1024K, 4 young (4096K), 4 survivors (4096K)
 Metaspace       used 23897K, capacity 24399K, committed 24576K, reserved 1071104K
  class space    used 2757K, capacity 2971K, committed 3072K, reserved 1048576K
}
Event: 6.671 GC heap before
{Heap before GC invocations=4 (full 0):
 garbage-first heap   total 260096K, used 83092K [0x0000000702000000, 0x0000000800000000)
  region size 1024K, 74 young (75776K), 4 survivors (4096K)
 Metaspace       used 29450K, capacity 30034K, committed 30336K, reserved 1075200K
  class space    used 3352K, capacity 3612K, committed 3712K, reserved 1048576K
}
Event: 6.676 GC heap after
{Heap after GC invocations=5 (full 0):
 garbage-first heap   total 260096K, used 13869K [0x0000000702000000, 0x0000000800000000)
  region size 1024K, 6 young (6144K), 6 survivors (6144K)
 Metaspace       used 29450K, capacity 30034K, committed 30336K, reserved 1075200K
  class space    used 3352K, capacity 3612K, committed 3712K, reserved 1048576K
}
Event: 7.699 GC heap before
{Heap before GC invocations=5 (full 0):
 garbage-first heap   total 260096K, used 75309K [0x0000000702000000, 0x0000000800000000)
  region size 1024K, 67 young (68608K), 6 survivors (6144K)
 Metaspace       used 34842K, capacity 35692K, committed 35840K, reserved 1081344K
  class space    used 4044K, capacity 4339K, committed 4352K, reserved 1048576K
}
Event: 7.711 GC heap after
{Heap after GC invocations=6 (full 0):
 garbage-first heap   total 260096K, used 16013K [0x0000000702000000, 0x0000000800000000)
  region size 1024K, 8 young (8192K), 8 survivors (8192K)
 Metaspace       used 34842K, capacity 35692K, committed 35840K, reserved 1081344K
  class space    used 4044K, capacity 4339K, committed 4352K, reserved 1048576K
}
Event: 10.952 GC heap before
{Heap before GC invocations=7 (full 0):
 garbage-first heap   total 260096K, used 151181K [0x0000000702000000, 0x0000000800000000)
  region size 1024K, 141 young (144384K), 8 survivors (8192K)
 Metaspace       used 58654K, capacity 59876K, committed 59904K, reserved 1101824K
  class space    used 7175K, capacity 7674K, committed 7680K, reserved 1048576K
}
Event: 10.975 GC heap after
{Heap after GC invocations=8 (full 0):
 garbage-first heap   total 260096K, used 25322K [0x0000000702000000, 0x0000000800000000)
  region size 1024K, 17 young (17408K), 17 survivors (17408K)
 Metaspace       used 58654K, capacity 59876K, committed 59904K, reserved 1101824K
  class space    used 7175K, capacity 7674K, committed 7680K, reserved 1048576K
}
Event: 12.844 GC heap before
{Heap before GC invocations=9 (full 0):
 garbage-first heap   total 260096K, used 163562K [0x0000000702000000, 0x0000000800000000)
  region size 1024K, 152 young (155648K), 17 survivors (17408K)
 Metaspace       used 73732K, capacity 75505K, committed 75768K, reserved 1116160K
  class space    used 9149K, capacity 9831K, committed 9976K, reserved 1048576K
}
Event: 12.857 GC heap after
{Heap after GC invocations=10 (full 0):
 garbage-first heap   total 260096K, used 30441K [0x0000000702000000, 0x0000000800000000)
  region size 1024K, 15 young (15360K), 15 survivors (15360K)
 Metaspace       used 73732K, capacity 75505K, committed 75768K, reserved 1116160K
  class space    used 9149K, capacity 9831K, committed 9976K, reserved 1048576K
}

